# IPython log file

%cd "C:\Users\Nicholas\Google Drive (21stulni@homeoftheshamrocks.org)\High School\9th Grade\Cs\unit 1\1.3\python\1.3.6"
%cd "C:/Users/Nicholas/Google Drive (21stulni@homeoftheshamrocks.org)/High School/9th Grade/Cs/unit 1/1.3/python/1.3.7"
# Wed, 14 Feb 2018 09:46:37
numbers = [1, 2, 3, 4]
# Wed, 14 Feb 2018 09:47:57
help(range)
# Wed, 14 Feb 2018 09:48:10
help(help)
# Wed, 14 Feb 2018 09:50:26
range(4)
#[Out]# range(0, 4)
# Wed, 14 Feb 2018 09:50:44
range(4,8)
#[Out]# range(4, 8)
# Wed, 14 Feb 2018 09:50:57
range(20,12,-3)
#[Out]# range(20, 12, -3)
# Wed, 14 Feb 2018 09:51:21
range(20, 12, -3)
#[Out]# range(20, 12, -3)
# Wed, 14 Feb 2018 09:51:27
range(20, 12, -3)
#[Out]# range(20, 12, -3)
# Wed, 14 Feb 2018 09:55:21
range(4,10,2)
#[Out]# range(4, 10, 2)
# Wed, 14 Feb 2018 09:55:39
range(4, 10, 2)
#[Out]# range(4, 10, 2)
# Wed, 14 Feb 2018 09:56:16
range(4, 12, 2)
#[Out]# range(4, 12, 2)
# Wed, 14 Feb 2018 09:57:50
print(range(4, 12, 2))
# Wed, 14 Feb 2018 09:58:20
range(4)
#[Out]# range(0, 4)
# Wed, 14 Feb 2018 09:58:49
%logstart -ort Nicholas_stull_1_3_7.log append
# Wed, 14 Feb 2018 09:59:03
print range
# Wed, 14 Feb 2018 10:00:10
xrange(4)
# Wed, 14 Feb 2018 10:01:29
%logstart -ort nicholas_stull_1_3_7.log append
# Wed, 14 Feb 2018 10:01:45
range(4,8,10)
#[Out]# range(4, 8, 10)
# Wed, 14 Feb 2018 10:02:07
%logstop
%cd "C:\Users\Nicholas\Google Drive (21stulni@homeoftheshamrocks.org)\High School\9th Grade\Cs\unit 1\1.3\python\1.3.7"
# Wed, 14 Feb 2018 10:04:00
range(4,5,10)
#[Out]# range(4, 5, 10)
# Wed, 14 Feb 2018 10:04:15
range(4)
#[Out]# range(0, 4)
# Wed, 14 Feb 2018 10:04:35
>>> list(range(5))
#[Out]# [0, 1, 2, 3, 4]
# Wed, 14 Feb 2018 10:05:28
list(range(2))
#[Out]# [0, 1]
# Wed, 14 Feb 2018 11:30:19
%logstop
get_ipython().magic(u'cd "C:\\Users\\Nicholas\\Google Drive (21stulni@homeoftheshamrocks.org)\\High School\\9th Grade\\Cs\\unit 1\\1.3\\python\\1.3.7"')
get_ipython().magic(u'logstart nicholas_stull_1_3_7.log append')
get_ipython().magic(u'logstart -ort nicholas_stull_1_3_7.log append')
get_ipython().magic(u'logstop')
%cd "C:\Users\Nicholas\Google Drive (21stulni@homeoftheshamrocks.org)\High School\9th Grade\Cs\unit 1\1.3\python\1.3.7"
logstart nicholas_stull_1_3_7.log append
logstart -ort nicholas_stull_1_3_7.log append
%logstop
# Mon, 19 Feb 2018 08:54:13
range(20, 12, -3)
#[Out]# [20, 17, 14]
# Mon, 19 Feb 2018 08:54:58
%run "C:\Users\Nicholas\Google Drive (21stulni@homeoftheshamrocks.org)\High School\9th Grade\Cs\unit 1\1.3\python\1.3.7\Nicholas_stull_1_3_7.py"# Mon, 19 Feb 2018 08:55:26
range(20, 12, -3)
#[Out]# [20, 17, 14]
# Mon, 19 Feb 2018 08:55:34
mport matplotlib.pyplot as plt # standard short name
import random

plt.ion() # sets “interactive on”: figures redrawn when updated

def picks():
    a = [] # make an empty list

    # Why all the brackets below? 
    # a += [  brackets here to add an iterable onto a list      ]
    #    random.choice(   [brackets here to choose from a list] )
    a += [random.choice([1, 3, 10])]

    for choices in range(5):
        a += [random.choice([1, 3, 10])]

    plt.hist(a)
    plt.show()
# Mon, 19 Feb 2018 08:55:42
range(20, 12, -3)
#[Out]# [20, 17, 14]
# Mon, 19 Feb 2018 08:56:09
%cd "C:\Users\Nicholas\Google Drive (21stulni@homeoftheshamrocks.org)\High School\9th Grade\Cs\unit 1\1.3\python\1.3.4\Canopy"
# Mon, 19 Feb 2018 08:56:31
%cd "C:\Users\Nicholas\Google Drive (21stulni@homeoftheshamrocks.org)\High School\9th Grade\Cs\unit 1\1.3\python\1.3.7"# Mon, 19 Feb 2018 08:56:38
python3 setup.py
# Mon, 19 Feb 2018 08:56:50
mport matplotlib.pyplot as plt # standard short name
import random

plt.ion() # sets “interactive on”: figures redrawn when updated

def picks():
    a = [] # make an empty list

    # Why all the brackets below? 
    # a += [  brackets here to add an iterable onto a list      ]
    #    random.choice(   [brackets here to choose from a list] )
    a += [random.choice([1, 3, 10])]

    for choices in range(5):
        a += [random
# Mon, 19 Feb 2018 08:57:49
%cd "C:\Users\Nicholas\Google Drive (21stulni@homeoftheshamrocks.org)\High School\9th Grade\Cs\unit 1\1.3\python\1.3.6"# Mon, 19 Feb 2018 08:58:28
%cd "C:\Users\Nicholas\Google Drive (21stulni@homeoftheshamrocks.org)\High School\9th Grade\Cs\unit 1\1.3\python\1.3.7"# Mon, 19 Feb 2018 08:59:53
%cd "C:\Users\Nicholas\Google Drive (21stulni@homeoftheshamrocks.org)\High School\9th Grade\Cs\unit 1\1.3\python\1.3.6"# Mon, 19 Feb 2018 09:00:58
%cd "C:\Users\Nicholas\Google Drive (21stulni@homeoftheshamrocks.org)\High School\9th Grade\Cs\unit 1\1.3\python\1.3.7"# Mon, 19 Feb 2018 09:01:13
%cd "C:\Users\Nicholas\Google Drive (21stulni@homeoftheshamrocks.org)\High School\9th Grade\Cs\unit 1\1.3\python\1.3.6"# Mon, 19 Feb 2018 09:01:19
%cd "C:\Users\Nicholas\Google Drive (21stulni@homeoftheshamrocks.org)\High School\9th Grade\Cs\unit 1\1.3\python\1.3.7"# Mon, 19 Feb 2018 09:01:32
%run "C:\Users\Nicholas\Google Drive (21stulni@homeoftheshamrocks.org)\High School\9th Grade\Cs\unit 1\1.3\python\1.3.7\Nicholas_stull_1_3_7.py"# Mon, 19 Feb 2018 09:01:40
%cd "C:\Users\Nicholas\Google Drive (21stulni@homeoftheshamrocks.org)\High School\9th Grade\Cs\unit 1\1.3\python\1.3.6"# Mon, 19 Feb 2018 09:01:41
%cd "C:\Users\Nicholas\Google Drive (21stulni@homeoftheshamrocks.org)\High School\9th Grade\Cs\unit 1\1.3\python\1.3.7"# Mon, 19 Feb 2018 09:01:44
%run "C:\Users\Nicholas\Google Drive (21stulni@homeoftheshamrocks.org)\High School\9th Grade\Cs\unit 1\1.3\python\1.3.7\Nicholas_stull_1_3_7.py"# Mon, 19 Feb 2018 09:01:53
%run "C:\Users\Nicholas\Google Drive (21stulni@homeoftheshamrocks.org)\High School\9th Grade\Cs\unit 1\1.3\python\1.3.7\Nicholas_stull_1_3_7.py"# Mon, 19 Feb 2018 09:05:04
%run "C:\Users\Nicholas\Google Drive (21stulni@homeoftheshamrocks.org)\High School\9th Grade\Cs\unit 1\1.3\python\1.3.7\Nicholas_stull_1_3_7.py"# Mon, 19 Feb 2018 09:05:26
dice(5)
# Mon, 19 Feb 2018 09:05:46
roll_hundred_pair()
# Mon, 19 Feb 2018 09:08:05
%cd "C:\Users\Nicholas\Google Drive (21stulni@homeoftheshamrocks.org)\High School\9th Grade\Cs\unit 1\1.3\python\1.3.6"# Mon, 19 Feb 2018 09:08:16
%logstop
