# IPython log file

%logstart -ort Nicholas_1_3_3.log
%cd "C:\Users\21stulni\Google Drive\High School\9th Grade\Cs\unit 1\1.3\1.3.3\Canopy"
%logstart -ort Nicholas_1_3_3.log
logstop
# Fri, 19 Jan 2018 09:45:03
a=3
# Fri, 19 Jan 2018 09:45:10
a**2
#[Out]# 9
# Fri, 19 Jan 2018 09:45:59
a==3
#[Out]# True
# Fri, 19 Jan 2018 09:46:05
a====3
# Fri, 19 Jan 2018 09:46:09
a==3
#[Out]# True
# Fri, 19 Jan 2018 09:46:43
a!=10
#[Out]# True
# Fri, 19 Jan 2018 09:48:28
a+1 >= 2 and a**2 !=5 # compound conditional
#[Out]# True
# Fri, 19 Jan 2018 09:51:32
# 3a. Prediction:false
# Fri, 19 Jan 2018 09:51:35
a**2 >= 9 and not a>3
#[Out]# True
# Fri, 19 Jan 2018 09:53:54
# 3b. Prediction:
# Fri, 19 Jan 2018 09:54:37
# 3b. Prediction:true
# Fri, 19 Jan 2018 09:54:40
a+2 == 5 or a-1 != 3
#[Out]# True
# Fri, 19 Jan 2018 09:57:07
x, y = (65, 40)
# Fri, 19 Jan 2018 09:57:09
x
#[Out]# 65
# Fri, 19 Jan 2018 09:57:11
y
#[Out]# 40
# Fri, 19 Jan 2018 09:57:52
50<x and x<80 and 30<=y and y<=45
#[Out]# True
# Fri, 19 Jan 2018 09:59:25
# 4. Compound conditional
# Fri, 19 Jan 2018 10:00:54
40<x and x<130 and 100<=y and y<=120
#[Out]# False
# Fri, 19 Jan 2018 10:03:56
x, y = (90, 115)
# Fri, 19 Jan 2018 10:03:58
40<x and x<130 and 100<=y and y<=120
#[Out]# True
# Fri, 19 Jan 2018 10:10:33
%run "C:/Users/21stulni/Google Drive/High School/9th Grade/Cs/unit 1/1.3/1.3.3/Canopy/Nicholas_1_3_3.py"# Fri, 19 Jan 2018 10:14:34
age_limit_output(10)
# Fri, 19 Jan 2018 10:14:43
age_limit_output(16)
# Fri, 19 Jan 2018 10:14:54
age_limit_output(1111)
# Fri, 19 Jan 2018 10:15:23
age_limit_output(19)
# Fri, 19 Jan 2018 10:15:31
%run "C:/Users/21stulni/Google Drive/High School/9th Grade/Cs/unit 1/1.3/1.3.3/Canopy/Nicholas_1_3_3.py"# Fri, 19 Jan 2018 10:15:34
age_limit_output(19)
# Fri, 19 Jan 2018 10:16:30
%run "C:/Users/21stulni/Google Drive/High School/9th Grade/Cs/unit 1/1.3/1.3.3/Canopy/Nicholas_1_3_3.py"# Fri, 19 Jan 2018 10:27:01
%run "C:/Users/21stulni/Google Drive/High School/9th Grade/Cs/unit 1/1.3/1.3.3/Canopy/Nicholas_1_3_3.py"# Fri, 19 Jan 2018 10:27:36
%run "C:/Users/21stulni/Google Drive/High School/9th Grade/Cs/unit 1/1.3/1.3.3/Canopy/Nicholas_1_3_3.py"# Fri, 19 Jan 2018 10:27:59
%run "C:/Users/21stulni/Google Drive/High School/9th Grade/Cs/unit 1/1.3/1.3.3/Canopy/Nicholas_1_3_3.py"# Fri, 19 Jan 2018 10:28:13
report_grade(98)
# Fri, 19 Jan 2018 10:28:40
%run "C:/Users/21stulni/Google Drive/High School/9th Grade/Cs/unit 1/1.3/1.3.3/Canopy/Nicholas_1_3_3.py"# Fri, 19 Jan 2018 10:28:46
report_grade(98)
# Fri, 19 Jan 2018 10:31:47
't' in 'string' # includes lowercase t character
#[Out]# True
# Fri, 19 Jan 2018 10:32:05
'T' in 'string' # case matters
#[Out]# False
# Fri, 19 Jan 2018 10:32:06
3 in [1,2,3] # this list contains the int 3
#[Out]# True
# Fri, 19 Jan 2018 10:32:18
'3' in [1,2,3] # '3' is a string, different than 3
#[Out]# False
# Fri, 19 Jan 2018 10:33:25
%run "C:/Users/21stulni/Google Drive/High School/9th Grade/Cs/unit 1/1.3/1.3.3/Canopy/Nicholas_1_3_3.py"# Fri, 19 Jan 2018 10:34:53
report_grade(100000000000000000000000000000000000000000000000000000000000000000000000000000000000000000000000000000000000000000000000000000000000000000000000000000000000000000000000000000000000000000000000000000000000000000000000000000000000000000000000000000000000000000000000000000000)
# Fri, 19 Jan 2018 10:35:11
report_grade(100000000000000000000000000000000000000000000000000000000000000000000000000000000000000000000000000000000000000000000000000000000000000000000000000000000000000000000000000000000000000000000000000000000000000000000000000000000000000000000000000000000000000000000000000000000)
# Fri, 19 Jan 2018 10:35:28
report_grade(90)
# Fri, 19 Jan 2018 10:35:40
report_grade(60)
# Fri, 19 Jan 2018 10:36:53
vowel=w
# Fri, 19 Jan 2018 10:37:09
%run "C:/Users/21stulni/Google Drive/High School/9th Grade/Cs/unit 1/1.3/1.3.3/Canopy/Nicholas_1_3_3.py"# Fri, 19 Jan 2018 10:37:16
vowel(w)
# Fri, 19 Jan 2018 10:37:47
letter_in_word('t', 'secret hangman phrase')
# Fri, 19 Jan 2018 10:41:18
#friday jan 19th 10:41
# Fri, 19 Jan 2018 10:41:24
%logstop
%logstart
%cd "C:\Users\21stulni\Google Drive\High School\9th Grade\Cs\unit 1\1.3\1.3.3\Canopy"
%logstart -ort Nicholas_1_3_3.log append
%logstop
# Mon, 22 Jan 2018 10:30:34
%run "C:\Users\21stulni\Google Drive\High School\9th Grade\Cs\unit 1\1.3\1.3.3\Canopy\Nicholas_1_3_3.py"# Mon, 22 Jan 2018 10:31:37
%run "C:\Users\21stulni\Google Drive\High School\9th Grade\Cs\unit 1\1.3\1.3.3\Canopy\Nicholas_1_3_3.py"# Mon, 22 Jan 2018 10:31:55
%run "C:\Users\21stulni\Google Drive\High School\9th Grade\Cs\unit 1\1.3\1.3.3\Canopy\Nicholas_1_3_3.py"# Mon, 22 Jan 2018 10:33:03
letter_in_word('t', 'secret hangman phrase')
#[Out]# True
# Mon, 22 Jan 2018 10:33:18
letter_in_word('q', 'secret hangman phrase')
#[Out]# False
# Mon, 22 Jan 2018 10:34:07
%run "C:\Users\21stulni\Google Drive\High School\9th Grade\Cs\unit 1\1.3\1.3.3\Canopy\Nicholas_1_3_3.py"# Mon, 22 Jan 2018 10:34:19
%run "C:\Users\21stulni\Google Drive\High School\9th Grade\Cs\unit 1\1.3\1.3.3\Canopy\Nicholas_1_3_3.py"# Mon, 22 Jan 2018 10:34:26
letter_in_word('t', 'secret hangman phrase')
# Mon, 22 Jan 2018 10:34:30
letter_in_word('t', 'secret hangman phrase')
# Mon, 22 Jan 2018 10:34:40
letter_in_word('t', 'secret hangman phrase')
# Mon, 22 Jan 2018 10:34:43
letter_in_word('q', 'secret hangman phrase')
# Mon, 22 Jan 2018 10:34:53
%run "C:\Users\21stulni\Google Drive\High School\9th Grade\Cs\unit 1\1.3\1.3.3\Canopy\Nicholas_1_3_3.py"# Mon, 22 Jan 2018 10:34:56
letter_in_word('q', 'secret hangman phrase')
#[Out]# False
# Mon, 22 Jan 2018 10:39:56
%run "C:\Users\21stulni\Google Drive\High School\9th Grade\Cs\unit 1\1.3\1.3.3\Canopy\Nicholas_1_3_3.py"# Mon, 22 Jan 2018 10:40:13
%run notepad.exe
# Mon, 22 Jan 2018 10:41:31
letter_in_word('a', 'Nicholas')
#[Out]# True
# Mon, 22 Jan 2018 10:42:05
letter_in_word('a', 'Nicholas')
#[Out]# True
# Mon, 22 Jan 2018 10:42:12
letter_in_word('q', 'secret hangman phrase')
#[Out]# False
%cd "C:\Users\21stulni\Google Drive\High School\9th Grade\Cs\unit 1\1.3\1.3.3\Canopy"
# Wed, 24 Jan 2018 09:40:20
%run "C:\Users\21stulni\Google Drive\High School\9th Grade\Cs\unit 1\1.3\1.3.3\Canopy\Nicholas_1_3_3.py"# Wed, 24 Jan 2018 09:40:47
secret = ['red','red','yellow','yellow','black']
# Wed, 24 Jan 2018 09:40:49
hint('red', secret)
# Wed, 24 Jan 2018 09:46:41
secret = ['red','red','yellow','yellow','black']
# Wed, 24 Jan 2018 09:46:45
hint('red', secret)
# Wed, 24 Jan 2018 09:47:13
hint('purple', secret)
# Wed, 24 Jan 2018 10:18:44
hint('blue', secret)
# Wed, 24 Jan 2018 10:18:52
%logstop
