# IPython log file

%cd "C:\Users\21stulni\Google Drive\OSXChromeDecrypt-master\OSXChromeDecrypt-master"
%cd "C:\Users\21stulni\Google Drive\High School\9th Grade\Cs\unit 1\1.3\python\1.3.4\Canopy"
# Fri, 26 Jan 2018 09:47:59
%cd "C:/Users/21stulni/Google Drive/High School/9th Grade/Cs/unit 1/1.3/python/1.3.4/Canopy"# Fri, 26 Jan 2018 09:48:12
orange 
# Fri, 26 Jan 2018 09:48:19
orange
# Fri, 26 Jan 2018 09:48:30
orange
# Fri, 26 Jan 2018 09:48:33
%run "C:/Users/21stulni/Google Drive/High School/9th Grade/Cs/unit 1/1.3/python/1.3.4/Canopy/Nicholas_1_3_4.py"# Fri, 26 Jan 2018 09:48:36
orange
# Fri, 26 Jan 2018 09:48:41
prange
# Fri, 26 Jan 2018 09:48:46
orange
# Fri, 26 Jan 2018 09:48:54
%run "C:/Users/21stulni/Google Drive/High School/9th Grade/Cs/unit 1/1.3/python/1.3.4/Canopy/Nicholas_1_3_4.py"# Fri, 26 Jan 2018 09:49:26
food_id('apple')
#[Out]# 'NOT Citrus, Fruit'
# Fri, 26 Jan 2018 09:49:33
food_id('orange')
#[Out]# 'Citrus, Fruit'
# Fri, 26 Jan 2018 09:50:49
#a-17
# Fri, 26 Jan 2018 09:53:35
food_id
#[Out]# <function __main__.food_id>
# Fri, 26 Jan 2018 09:53:52
food_id(‘steak’)
# Fri, 26 Jan 2018 09:54:45
food_id(steak)
# Fri, 26 Jan 2018 09:54:56
food_id('steak')
#[Out]# 'NOT Starchy, NOT Fruit'
# Fri, 26 Jan 2018 09:57:35
%run "C:/Users/21stulni/Google Drive/High School/9th Grade/Cs/unit 1/1.3/python/1.3.4/Canopy/Nicholas_1_3_4.py"# Fri, 26 Jan 2018 09:58:24
food_id_test()
#[Out]# True
# Fri, 26 Jan 2018 09:58:37
food_id_test(1)
%cd "C:\Users\21stulni\Google Drive\High School\9th Grade\Cs\unit 1\1.3\python\1.3.4\Canopy"
%logstart -ort apend
%run "C:\Users\21stulni\Google Drive\High School\9th Grade\Cs\unit 1\1.3\python\1.3.4\Canopy\Nicholas_1_3_4.py"
food_id_test()
#[Out]# True
%logstop
%logstop -ort apend
logstart-ort Nicholas_1_3_4 apend
%logstart -ort Nicholas_1_3_4.log apend
# Fri, 26 Jan 2018 10:04:46
%run "C:\Users\21stulni\Google Drive\High School\9th Grade\Cs\unit 1\1.3\python\1.3.4\Canopy\Nicholas_1_3_4.py"# Fri, 26 Jan 2018 10:04:51
food_id_test()
#[Out]# True
%cd "C:\Users\21stulni\Google Drive\High School\9th Grade\Cs\unit 1\1.3\python\1.3.4\Canopy"
%logstar -ort Nicholas_1_3_4.log append
# Fri, 26 Jan 2018 10:06:21
%run "C:\Users\21stulni\Google Drive\High School\9th Grade\Cs\unit 1\1.3\python\1.3.4\Canopy\Nicholas_1_3_4.py"# Fri, 26 Jan 2018 10:08:57
%cd "C:\Users\21stulni\Google Drive\High School\9th Grade\Cs\unit 1\1.3\python\1.3.4\Canopy"# Fri, 26 Jan 2018 10:11:51
f(x)
# Fri, 26 Jan 2018 10:23:06
%run "C:/Users/21stulni/Google Drive/High School/9th Grade/Cs/unit 1/1.3/python/1.3.4/Canopy/Nicholas_1_3_4.py"# Fri, 26 Jan 2018 10:23:16
f(208)
%cd "C:\Users\Nicholas\Google Drive (21stulni@homeoftheshamrocks.org)\High School\9th Grade\Cs\unit 1\1.3\python\1.3.4\Canopy"
# Wed, 31 Jan 2018 09:46:27
%run "C:\Users\Nicholas\Google Drive (21stulni@homeoftheshamrocks.org)\High School\9th Grade\Cs\unit 1\1.3\python\1.3.4\Canopy\Nicholas_1_3_4.py"# Wed, 31 Jan 2018 09:46:52
quiz_decimal(4, 4.1)
# Wed, 31 Jan 2018 09:48:43
%run "C:\Users\Nicholas\Google Drive (21stulni@homeoftheshamrocks.org)\High School\9th Grade\Cs\unit 1\1.3\python\1.3.4\Canopy\Nicholas_1_3_4.py"# Wed, 31 Jan 2018 09:50:26
%run "C:\Users\Nicholas\Google Drive (21stulni@homeoftheshamrocks.org)\High School\9th Grade\Cs\unit 1\1.3\python\1.3.4\Canopy\Nicholas_1_3_4.py"# Wed, 31 Jan 2018 09:54:42
%run "C:\Users\Nicholas\Google Drive (21stulni@homeoftheshamrocks.org)\High School\9th Grade\Cs\unit 1\1.3\python\1.3.4\Canopy\Nicholas_1_3_4.py"# Wed, 31 Jan 2018 09:56:57
%run "C:\Users\Nicholas\Google Drive (21stulni@homeoftheshamrocks.org)\High School\9th Grade\Cs\unit 1\1.3\python\1.3.4\Canopy\Nicholas_1_3_4.py"# Wed, 31 Jan 2018 09:57:58
%run "C:\Users\Nicholas\Google Drive (21stulni@homeoftheshamrocks.org)\High School\9th Grade\Cs\unit 1\1.3\python\1.3.4\Canopy\Nicholas_1_3_4.py"# Wed, 31 Jan 2018 09:59:01
%run "C:\Users\Nicholas\Google Drive (21stulni@homeoftheshamrocks.org)\High School\9th Grade\Cs\unit 1\1.3\python\1.3.4\Canopy\Nicholas_1_3_4.py"# Wed, 31 Jan 2018 09:59:25
%run "C:\Users\Nicholas\Google Drive (21stulni@homeoftheshamrocks.org)\High School\9th Grade\Cs\unit 1\1.3\python\1.3.4\Canopy\Nicholas_1_3_4.py"# Wed, 31 Jan 2018 09:59:45
quiz_decimal(4, 4.1)
# Wed, 31 Jan 2018 10:00:14
quiz_decimal(4, 4.1)
# Wed, 31 Jan 2018 10:03:09
%run "C:/Users/Nicholas/Google Drive (21stulni@homeoftheshamrocks.org)/High School/9th Grade/Cs/unit 1/1.3/python/1.3.4/Canopy/Nicholas_1_3_4.py"# Wed, 31 Jan 2018 10:03:31
%run "C:/Users/Nicholas/Google Drive (21stulni@homeoftheshamrocks.org)/High School/9th Grade/Cs/unit 1/1.3/python/1.3.4/Canopy/Nicholas_1_3_4.py"# Wed, 31 Jan 2018 10:03:37
quiz_decimal(4, 4.1)
# Wed, 31 Jan 2018 10:04:12
u'~/Google Drive (21stulni@homeoftheshamrocks.org)/High School/9th Grade/Cs/unit 1/1.3/python/1.3.4/Canopy'
#[Out]# '~/Google Drive (21stulni@homeoftheshamrocks.org)/High School/9th Grade/Cs/unit 1/1.3/python/1.3.4/Canopy'
# Wed, 31 Jan 2018 10:04:16
quiz_decimal(4, 4.1)
# Wed, 31 Jan 2018 10:04:25
quiz_decimal(4, 4.1)
# Wed, 31 Jan 2018 10:04:36
quiz_decimal(4, 4.1)
# Wed, 31 Jan 2018 10:05:41
quiz_decimal(4, 4.1)
# Wed, 31 Jan 2018 10:05:58
%run "C:/Users/Nicholas/Google Drive (21stulni@homeoftheshamrocks.org)/High School/9th Grade/Cs/unit 1/1.3/python/1.3.4/Canopy/Nicholas_1_3_4.py"# Wed, 31 Jan 2018 10:06:01
quiz_decimal(4, 4.1)
%run "C:/Users/Nicholas/Google Drive (21stulni@homeoftheshamrocks.org)/High School/9th Grade/Cs/unit 1/1.3/python/1.3.4/Canopy/Nicholas_1_3_4.py"
# Wed, 31 Jan 2018 10:20:11
%logstop
